0 info it worked if it ends with ok
1 verbose cli [ 'D:\\Librairies\\NodeJS\\\\node.exe',
1 verbose cli   'D:\\Librairies\\NodeJS\\node_modules\\npm\\bin\\npm-cli.js',
1 verbose cli   'start' ]
2 info using npm@1.3.2
3 info using node@v0.10.13
4 verbose node symlink D:\Librairies\NodeJS\\node.exe
5 error Error: ENOENT, open 'D:\Workspaces\WkRoboconf\roboconf-web-administration\web-scripts\package.json'
6 error If you need help, you may report this log at:
6 error     <http://github.com/isaacs/npm/issues>
6 error or email it to:
6 error     <npm-@googlegroups.com>
7 error System Windows_NT 6.1.7600
8 error command "D:\\Librairies\\NodeJS\\\\node.exe" "D:\\Librairies\\NodeJS\\node_modules\\npm\\bin\\npm-cli.js" "start"
9 error cwd D:\Workspaces\WkRoboconf\roboconf-web-administration\web-scripts
10 error node -v v0.10.13
11 error npm -v 1.3.2
12 error path D:\Workspaces\WkRoboconf\roboconf-web-administration\web-scripts\package.json
13 error code ENOENT
14 error errno 34
15 verbose exit [ 34, true ]
